<?xml version="1.0" encoding="UTF-8"?>
<!-- Generated by org.testng.reporters.JUnitXMLReporter -->
<testsuite ignored="2" hostname="DESKTOP-5V9BS6T" failures="1" tests="2" name="Test" time="146.747" errors="0" timestamp="2023-03-26T15:44:41 BDT">
  <testcase classname="com.WMC.login.LoginTest" name="login" time="94.03"/>
  <testcase classname="com.WMC.testcasesVacation.AddVacation" name="goVacationPage" time="52.504">
    <failure type="java.lang.NullPointerException" message="Cannot invoke &amp;quot;String.equalsIgnoreCase(String)&amp;quot; because the return value of &amp;quot;org.openqa.selenium.WebElement.getText()&amp;quot; is null">
      <![CDATA[java.lang.NullPointerException: Cannot invoke "String.equalsIgnoreCase(String)" because the return value of "org.openqa.selenium.WebElement.getText()" is null
at com.WMC.testcasesVacation.AddVacation.goVacationPage(AddVacation.java:26)
at java.base/java.util.ArrayList.forEach(ArrayList.java:1511)
... Removed 27 stack frames]]>
    </failure>
  </testcase> <!-- goVacationPage -->
  <testcase classname="com.WMC.base.TestBase" name="@AfterSuite tearDown" time="0.0">
    <ignored/>
  </testcase> <!-- @AfterSuite tearDown -->
  <testcase classname="com.WMC.base.TestBase" name="@BeforeSuite setUP" time="0.0">
    <ignored/>
  </testcase> <!-- @BeforeSuite setUP -->
</testsuite> <!-- Test -->
